The system is: Linux - 4.4.0-1069-aws - x86_64
Compiling the C compiler identification source file "CMakeCCompilerId.c" succeeded.
Compiler: /usr/bin/cc 
Build flags: 
Id flags: 

The output was:
0


Compilation of the C compiler identification source "CMakeCCompilerId.c" produced "a.out"

The C compiler identification is GNU, found in "/home/ubuntu/fork/monero-0.13.0.2/build/Linux/master/release/CMakeFiles/3.5.1/CompilerIdC/a.out"

Compiling the CXX compiler identification source file "CMakeCXXCompilerId.cpp" succeeded.
Compiler: /usr/bin/c++ 
Build flags: 
Id flags: 

The output was:
0


Compilation of the CXX compiler identification source "CMakeCXXCompilerId.cpp" produced "a.out"

The CXX compiler identification is GNU, found in "/home/ubuntu/fork/monero-0.13.0.2/build/Linux/master/release/CMakeFiles/3.5.1/CompilerIdCXX/a.out"

Determining if the C compiler works passed with the following output:
Change Dir: /home/ubuntu/fork/monero-0.13.0.2/build/Linux/master/release/CMakeFiles/CMakeTmp

Run Build Command:"/usr/bin/make" "cmTC_658fa/fast"
make[1]: Entering directory '/home/ubuntu/fork/monero-0.13.0.2/build/Linux/master/release/CMakeFiles/CMakeTmp'
/usr/bin/make -f CMakeFiles/cmTC_658fa.dir/build.make CMakeFiles/cmTC_658fa.dir/build
make[2]: Entering directory '/home/ubuntu/fork/monero-0.13.0.2/build/Linux/master/release/CMakeFiles/CMakeTmp'
Building C object CMakeFiles/cmTC_658fa.dir/testCCompiler.c.o
/usr/bin/cc     -o CMakeFiles/cmTC_658fa.dir/testCCompiler.c.o   -c /home/ubuntu/fork/monero-0.13.0.2/build/Linux/master/release/CMakeFiles/CMakeTmp/testCCompiler.c
Linking C executable cmTC_658fa
/usr/bin/cmake -E cmake_link_script CMakeFiles/cmTC_658fa.dir/link.txt --verbose=1
/usr/bin/cc       CMakeFiles/cmTC_658fa.dir/testCCompiler.c.o  -o cmTC_658fa -rdynamic 
make[2]: Leaving directory '/home/ubuntu/fork/monero-0.13.0.2/build/Linux/master/release/CMakeFiles/CMakeTmp'
make[1]: Leaving directory '/home/ubuntu/fork/monero-0.13.0.2/build/Linux/master/release/CMakeFiles/CMakeTmp'


Detecting C compiler ABI info compiled with the following output:
Change Dir: /home/ubuntu/fork/monero-0.13.0.2/build/Linux/master/release/CMakeFiles/CMakeTmp

Run Build Command:"/usr/bin/make" "cmTC_b4ffa/fast"
make[1]: Entering directory '/home/ubuntu/fork/monero-0.13.0.2/build/Linux/master/release/CMakeFiles/CMakeTmp'
/usr/bin/make -f CMakeFiles/cmTC_b4ffa.dir/build.make CMakeFiles/cmTC_b4ffa.dir/build
make[2]: Entering directory '/home/ubuntu/fork/monero-0.13.0.2/build/Linux/master/release/CMakeFiles/CMakeTmp'
Building C object CMakeFiles/cmTC_b4ffa.dir/CMakeCCompilerABI.c.o
/usr/bin/cc     -o CMakeFiles/cmTC_b4ffa.dir/CMakeCCompilerABI.c.o   -c /usr/share/cmake-3.5/Modules/CMakeCCompilerABI.c
Linking C executable cmTC_b4ffa
/usr/bin/cmake -E cmake_link_script CMakeFiles/cmTC_b4ffa.dir/link.txt --verbose=1
/usr/bin/cc      -v CMakeFiles/cmTC_b4ffa.dir/CMakeCCompilerABI.c.o  -o cmTC_b4ffa -rdynamic  
Using built-in specs.
COLLECT_GCC=/usr/bin/cc
COLLECT_LTO_WRAPPER=/usr/lib/gcc/x86_64-linux-gnu/5/lto-wrapper
Target: x86_64-linux-gnu
Configured with: ../src/configure -v --with-pkgversion='Ubuntu 5.4.0-6ubuntu1~16.04.10' --with-bugurl=file:///usr/share/doc/gcc-5/README.Bugs --enable-languages=c,ada,c++,java,go,d,fortran,objc,obj-c++ --prefix=/usr --program-suffix=-5 --enable-shared --enable-linker-build-id --libexecdir=/usr/lib --without-included-gettext --enable-threads=posix --libdir=/usr/lib --enable-nls --with-sysroot=/ --enable-clocale=gnu --enable-libstdcxx-debug --enable-libstdcxx-time=yes --with-default-libstdcxx-abi=new --enable-gnu-unique-object --disable-vtable-verify --enable-libmpx --enable-plugin --with-system-zlib --disable-browser-plugin --enable-java-awt=gtk --enable-gtk-cairo --with-java-home=/usr/lib/jvm/java-1.5.0-gcj-5-amd64/jre --enable-java-home --with-jvm-root-dir=/usr/lib/jvm/java-1.5.0-gcj-5-amd64 --with-jvm-jar-dir=/usr/lib/jvm-exports/java-1.5.0-gcj-5-amd64 --with-arch-directory=amd64 --with-ecj-jar=/usr/share/java/eclipse-ecj.jar --enable-objc-gc --enable-multiarch --disable-werror --with-arch-32=i686 --with-abi=m64 --with-multilib-list=m32,m64,mx32 --enable-multilib --with-tune=generic --enable-checking=release --build=x86_64-linux-gnu --host=x86_64-linux-gnu --target=x86_64-linux-gnu
Thread model: posix
gcc version 5.4.0 20160609 (Ubuntu 5.4.0-6ubuntu1~16.04.10) 
COMPILER_PATH=/usr/lib/gcc/x86_64-linux-gnu/5/:/usr/lib/gcc/x86_64-linux-gnu/5/:/usr/lib/gcc/x86_64-linux-gnu/:/usr/lib/gcc/x86_64-linux-gnu/5/:/usr/lib/gcc/x86_64-linux-gnu/
LIBRARY_PATH=/usr/lib/gcc/x86_64-linux-gnu/5/:/usr/lib/gcc/x86_64-linux-gnu/5/../../../x86_64-linux-gnu/:/usr/lib/gcc/x86_64-linux-gnu/5/../../../../lib/:/lib/x86_64-linux-gnu/:/lib/../lib/:/usr/lib/x86_64-linux-gnu/:/usr/lib/../lib/:/usr/lib/gcc/x86_64-linux-gnu/5/../../../:/lib/:/usr/lib/
COLLECT_GCC_OPTIONS='-v' '-o' 'cmTC_b4ffa' '-rdynamic' '-mtune=generic' '-march=x86-64'
 /usr/lib/gcc/x86_64-linux-gnu/5/collect2 -plugin /usr/lib/gcc/x86_64-linux-gnu/5/liblto_plugin.so -plugin-opt=/usr/lib/gcc/x86_64-linux-gnu/5/lto-wrapper -plugin-opt=-fresolution=/tmp/cc53xjzF.res -plugin-opt=-pass-through=-lgcc -plugin-opt=-pass-through=-lgcc_s -plugin-opt=-pass-through=-lc -plugin-opt=-pass-through=-lgcc -plugin-opt=-pass-through=-lgcc_s --sysroot=/ --build-id --eh-frame-hdr -m elf_x86_64 --hash-style=gnu --as-needed -export-dynamic -dynamic-linker /lib64/ld-linux-x86-64.so.2 -z relro -o cmTC_b4ffa /usr/lib/gcc/x86_64-linux-gnu/5/../../../x86_64-linux-gnu/crt1.o /usr/lib/gcc/x86_64-linux-gnu/5/../../../x86_64-linux-gnu/crti.o /usr/lib/gcc/x86_64-linux-gnu/5/crtbegin.o -L/usr/lib/gcc/x86_64-linux-gnu/5 -L/usr/lib/gcc/x86_64-linux-gnu/5/../../../x86_64-linux-gnu -L/usr/lib/gcc/x86_64-linux-gnu/5/../../../../lib -L/lib/x86_64-linux-gnu -L/lib/../lib -L/usr/lib/x86_64-linux-gnu -L/usr/lib/../lib -L/usr/lib/gcc/x86_64-linux-gnu/5/../../.. CMakeFiles/cmTC_b4ffa.dir/CMakeCCompilerABI.c.o -lgcc --as-needed -lgcc_s --no-as-needed -lc -lgcc --as-needed -lgcc_s --no-as-needed /usr/lib/gcc/x86_64-linux-gnu/5/crtend.o /usr/lib/gcc/x86_64-linux-gnu/5/../../../x86_64-linux-gnu/crtn.o
make[2]: Leaving directory '/home/ubuntu/fork/monero-0.13.0.2/build/Linux/master/release/CMakeFiles/CMakeTmp'
make[1]: Leaving directory '/home/ubuntu/fork/monero-0.13.0.2/build/Linux/master/release/CMakeFiles/CMakeTmp'


Parsed C implicit link information from above output:
  link line regex: [^( *|.*[/\])(ld|([^/\]+-)?ld|collect2)[^/\]*( |$)]
  ignore line: [Change Dir: /home/ubuntu/fork/monero-0.13.0.2/build/Linux/master/release/CMakeFiles/CMakeTmp]
  ignore line: []
  ignore line: [Run Build Command:"/usr/bin/make" "cmTC_b4ffa/fast"]
  ignore line: [make[1]: Entering directory '/home/ubuntu/fork/monero-0.13.0.2/build/Linux/master/release/CMakeFiles/CMakeTmp']
  ignore line: [/usr/bin/make -f CMakeFiles/cmTC_b4ffa.dir/build.make CMakeFiles/cmTC_b4ffa.dir/build]
  ignore line: [make[2]: Entering directory '/home/ubuntu/fork/monero-0.13.0.2/build/Linux/master/release/CMakeFiles/CMakeTmp']
  ignore line: [Building C object CMakeFiles/cmTC_b4ffa.dir/CMakeCCompilerABI.c.o]
  ignore line: [/usr/bin/cc     -o CMakeFiles/cmTC_b4ffa.dir/CMakeCCompilerABI.c.o   -c /usr/share/cmake-3.5/Modules/CMakeCCompilerABI.c]
  ignore line: [Linking C executable cmTC_b4ffa]
  ignore line: [/usr/bin/cmake -E cmake_link_script CMakeFiles/cmTC_b4ffa.dir/link.txt --verbose=1]
  ignore line: [/usr/bin/cc      -v CMakeFiles/cmTC_b4ffa.dir/CMakeCCompilerABI.c.o  -o cmTC_b4ffa -rdynamic  ]
  ignore line: [Using built-in specs.]
  ignore line: [COLLECT_GCC=/usr/bin/cc]
  ignore line: [COLLECT_LTO_WRAPPER=/usr/lib/gcc/x86_64-linux-gnu/5/lto-wrapper]
  ignore line: [Target: x86_64-linux-gnu]
  ignore line: [Configured with: ../src/configure -v --with-pkgversion='Ubuntu 5.4.0-6ubuntu1~16.04.10' --with-bugurl=file:///usr/share/doc/gcc-5/README.Bugs --enable-languages=c,ada,c++,java,go,d,fortran,objc,obj-c++ --prefix=/usr --program-suffix=-5 --enable-shared --enable-linker-build-id --libexecdir=/usr/lib --without-included-gettext --enable-threads=posix --libdir=/usr/lib --enable-nls --with-sysroot=/ --enable-clocale=gnu --enable-libstdcxx-debug --enable-libstdcxx-time=yes --with-default-libstdcxx-abi=new --enable-gnu-unique-object --disable-vtable-verify --enable-libmpx --enable-plugin --with-system-zlib --disable-browser-plugin --enable-java-awt=gtk --enable-gtk-cairo --with-java-home=/usr/lib/jvm/java-1.5.0-gcj-5-amd64/jre --enable-java-home --with-jvm-root-dir=/usr/lib/jvm/java-1.5.0-gcj-5-amd64 --with-jvm-jar-dir=/usr/lib/jvm-exports/java-1.5.0-gcj-5-amd64 --with-arch-directory=amd64 --with-ecj-jar=/usr/share/java/eclipse-ecj.jar --enable-objc-gc --enable-multiarch --disable-werror --with-arch-32=i686 --with-abi=m64 --with-multilib-list=m32,m64,mx32 --enable-multilib --with-tune=generic --enable-checking=release --build=x86_64-linux-gnu --host=x86_64-linux-gnu --target=x86_64-linux-gnu]
  ignore line: [Thread model: posix]
  ignore line: [gcc version 5.4.0 20160609 (Ubuntu 5.4.0-6ubuntu1~16.04.10) ]
  ignore line: [COMPILER_PATH=/usr/lib/gcc/x86_64-linux-gnu/5/:/usr/lib/gcc/x86_64-linux-gnu/5/:/usr/lib/gcc/x86_64-linux-gnu/:/usr/lib/gcc/x86_64-linux-gnu/5/:/usr/lib/gcc/x86_64-linux-gnu/]
  ignore line: [LIBRARY_PATH=/usr/lib/gcc/x86_64-linux-gnu/5/:/usr/lib/gcc/x86_64-linux-gnu/5/../../../x86_64-linux-gnu/:/usr/lib/gcc/x86_64-linux-gnu/5/../../../../lib/:/lib/x86_64-linux-gnu/:/lib/../lib/:/usr/lib/x86_64-linux-gnu/:/usr/lib/../lib/:/usr/lib/gcc/x86_64-linux-gnu/5/../../../:/lib/:/usr/lib/]
  ignore line: [COLLECT_GCC_OPTIONS='-v' '-o' 'cmTC_b4ffa' '-rdynamic' '-mtune=generic' '-march=x86-64']
  link line: [ /usr/lib/gcc/x86_64-linux-gnu/5/collect2 -plugin /usr/lib/gcc/x86_64-linux-gnu/5/liblto_plugin.so -plugin-opt=/usr/lib/gcc/x86_64-linux-gnu/5/lto-wrapper -plugin-opt=-fresolution=/tmp/cc53xjzF.res -plugin-opt=-pass-through=-lgcc -plugin-opt=-pass-through=-lgcc_s -plugin-opt=-pass-through=-lc -plugin-opt=-pass-through=-lgcc -plugin-opt=-pass-through=-lgcc_s --sysroot=/ --build-id --eh-frame-hdr -m elf_x86_64 --hash-style=gnu --as-needed -export-dynamic -dynamic-linker /lib64/ld-linux-x86-64.so.2 -z relro -o cmTC_b4ffa /usr/lib/gcc/x86_64-linux-gnu/5/../../../x86_64-linux-gnu/crt1.o /usr/lib/gcc/x86_64-linux-gnu/5/../../../x86_64-linux-gnu/crti.o /usr/lib/gcc/x86_64-linux-gnu/5/crtbegin.o -L/usr/lib/gcc/x86_64-linux-gnu/5 -L/usr/lib/gcc/x86_64-linux-gnu/5/../../../x86_64-linux-gnu -L/usr/lib/gcc/x86_64-linux-gnu/5/../../../../lib -L/lib/x86_64-linux-gnu -L/lib/../lib -L/usr/lib/x86_64-linux-gnu -L/usr/lib/../lib -L/usr/lib/gcc/x86_64-linux-gnu/5/../../.. CMakeFiles/cmTC_b4ffa.dir/CMakeCCompilerABI.c.o -lgcc --as-needed -lgcc_s --no-as-needed -lc -lgcc --as-needed -lgcc_s --no-as-needed /usr/lib/gcc/x86_64-linux-gnu/5/crtend.o /usr/lib/gcc/x86_64-linux-gnu/5/../../../x86_64-linux-gnu/crtn.o]
    arg [/usr/lib/gcc/x86_64-linux-gnu/5/collect2] ==> ignore
    arg [-plugin] ==> ignore
    arg [/usr/lib/gcc/x86_64-linux-gnu/5/liblto_plugin.so] ==> ignore
    arg [-plugin-opt=/usr/lib/gcc/x86_64-linux-gnu/5/lto-wrapper] ==> ignore
    arg [-plugin-opt=-fresolution=/tmp/cc53xjzF.res] ==> ignore
    arg [-plugin-opt=-pass-through=-lgcc] ==> ignore
    arg [-plugin-opt=-pass-through=-lgcc_s] ==> ignore
    arg [-plugin-opt=-pass-through=-lc] ==> ignore
    arg [-plugin-opt=-pass-through=-lgcc] ==> ignore
    arg [-plugin-opt=-pass-through=-lgcc_s] ==> ignore
    arg [--sysroot=/] ==> ignore
    arg [--build-id] ==> ignore
    arg [--eh-frame-hdr] ==> ignore
    arg [-m] ==> ignore
    arg [elf_x86_64] ==> ignore
    arg [--hash-style=gnu] ==> ignore
    arg [--as-needed] ==> ignore
    arg [-export-dynamic] ==> ignore
    arg [-dynamic-linker] ==> ignore
    arg [/lib64/ld-linux-x86-64.so.2] ==> ignore
    arg [-zrelro] ==> ignore
    arg [-o] ==> ignore
    arg [cmTC_b4ffa] ==> ignore
    arg [/usr/lib/gcc/x86_64-linux-gnu/5/../../../x86_64-linux-gnu/crt1.o] ==> ignore
    arg [/usr/lib/gcc/x86_64-linux-gnu/5/../../../x86_64-linux-gnu/crti.o] ==> ignore
    arg [/usr/lib/gcc/x86_64-linux-gnu/5/crtbegin.o] ==> ignore
    arg [-L/usr/lib/gcc/x86_64-linux-gnu/5] ==> dir [/usr/lib/gcc/x86_64-linux-gnu/5]
    arg [-L/usr/lib/gcc/x86_64-linux-gnu/5/../../../x86_64-linux-gnu] ==> dir [/usr/lib/gcc/x86_64-linux-gnu/5/../../../x86_64-linux-gnu]
    arg [-L/usr/lib/gcc/x86_64-linux-gnu/5/../../../../lib] ==> dir [/usr/lib/gcc/x86_64-linux-gnu/5/../../../../lib]
    arg [-L/lib/x86_64-linux-gnu] ==> dir [/lib/x86_64-linux-gnu]
    arg [-L/lib/../lib] ==> dir [/lib/../lib]
    arg [-L/usr/lib/x86_64-linux-gnu] ==> dir [/usr/lib/x86_64-linux-gnu]
    arg [-L/usr/lib/../lib] ==> dir [/usr/lib/../lib]
    arg [-L/usr/lib/gcc/x86_64-linux-gnu/5/../../..] ==> dir [/usr/lib/gcc/x86_64-linux-gnu/5/../../..]
    arg [CMakeFiles/cmTC_b4ffa.dir/CMakeCCompilerABI.c.o] ==> ignore
    arg [-lgcc] ==> lib [gcc]
    arg [--as-needed] ==> ignore
    arg [-lgcc_s] ==> lib [gcc_s]
    arg [--no-as-needed] ==> ignore
    arg [-lc] ==> lib [c]
    arg [-lgcc] ==> lib [gcc]
    arg [--as-needed] ==> ignore
    arg [-lgcc_s] ==> lib [gcc_s]
    arg [--no-as-needed] ==> ignore
    arg [/usr/lib/gcc/x86_64-linux-gnu/5/crtend.o] ==> ignore
    arg [/usr/lib/gcc/x86_64-linux-gnu/5/../../../x86_64-linux-gnu/crtn.o] ==> ignore
  remove lib [gcc]
  remove lib [gcc_s]
  remove lib [gcc]
  remove lib [gcc_s]
  collapse library dir [/usr/lib/gcc/x86_64-linux-gnu/5] ==> [/usr/lib/gcc/x86_64-linux-gnu/5]
  collapse library dir [/usr/lib/gcc/x86_64-linux-gnu/5/../../../x86_64-linux-gnu] ==> [/usr/lib/x86_64-linux-gnu]
  collapse library dir [/usr/lib/gcc/x86_64-linux-gnu/5/../../../../lib] ==> [/usr/lib]
  collapse library dir [/lib/x86_64-linux-gnu] ==> [/lib/x86_64-linux-gnu]
  collapse library dir [/lib/../lib] ==> [/lib]
  collapse library dir [/usr/lib/x86_64-linux-gnu] ==> [/usr/lib/x86_64-linux-gnu]
  collapse library dir [/usr/lib/../lib] ==> [/usr/lib]
  collapse library dir [/usr/lib/gcc/x86_64-linux-gnu/5/../../..] ==> [/usr/lib]
  implicit libs: [c]
  implicit dirs: [/usr/lib/gcc/x86_64-linux-gnu/5;/usr/lib/x86_64-linux-gnu;/usr/lib;/lib/x86_64-linux-gnu;/lib]
  implicit fwks: []




Detecting C [-std=c11] compiler features compiled with the following output:
Change Dir: /home/ubuntu/fork/monero-0.13.0.2/build/Linux/master/release/CMakeFiles/CMakeTmp

Run Build Command:"/usr/bin/make" "cmTC_15047/fast"
make[1]: Entering directory '/home/ubuntu/fork/monero-0.13.0.2/build/Linux/master/release/CMakeFiles/CMakeTmp'
/usr/bin/make -f CMakeFiles/cmTC_15047.dir/build.make CMakeFiles/cmTC_15047.dir/build
make[2]: Entering directory '/home/ubuntu/fork/monero-0.13.0.2/build/Linux/master/release/CMakeFiles/CMakeTmp'
Building C object CMakeFiles/cmTC_15047.dir/feature_tests.c.o
/usr/bin/cc    -std=c11 -o CMakeFiles/cmTC_15047.dir/feature_tests.c.o   -c /home/ubuntu/fork/monero-0.13.0.2/build/Linux/master/release/CMakeFiles/feature_tests.c
Linking C executable cmTC_15047
/usr/bin/cmake -E cmake_link_script CMakeFiles/cmTC_15047.dir/link.txt --verbose=1
/usr/bin/cc       CMakeFiles/cmTC_15047.dir/feature_tests.c.o  -o cmTC_15047 -rdynamic 
make[2]: Leaving directory '/home/ubuntu/fork/monero-0.13.0.2/build/Linux/master/release/CMakeFiles/CMakeTmp'
make[1]: Leaving directory '/home/ubuntu/fork/monero-0.13.0.2/build/Linux/master/release/CMakeFiles/CMakeTmp'


    Feature record: C_FEATURE:1c_function_prototypes
    Feature record: C_FEATURE:1c_restrict
    Feature record: C_FEATURE:1c_static_assert
    Feature record: C_FEATURE:1c_variadic_macros


Detecting C [-std=c99] compiler features compiled with the following output:
Change Dir: /home/ubuntu/fork/monero-0.13.0.2/build/Linux/master/release/CMakeFiles/CMakeTmp

Run Build Command:"/usr/bin/make" "cmTC_74639/fast"
make[1]: Entering directory '/home/ubuntu/fork/monero-0.13.0.2/build/Linux/master/release/CMakeFiles/CMakeTmp'
/usr/bin/make -f CMakeFiles/cmTC_74639.dir/build.make CMakeFiles/cmTC_74639.dir/build
make[2]: Entering directory '/home/ubuntu/fork/monero-0.13.0.2/build/Linux/master/release/CMakeFiles/CMakeTmp'
Building C object CMakeFiles/cmTC_74639.dir/feature_tests.c.o
/usr/bin/cc    -std=c99 -o CMakeFiles/cmTC_74639.dir/feature_tests.c.o   -c /home/ubuntu/fork/monero-0.13.0.2/build/Linux/master/release/CMakeFiles/feature_tests.c
Linking C executable cmTC_74639
/usr/bin/cmake -E cmake_link_script CMakeFiles/cmTC_74639.dir/link.txt --verbose=1
/usr/bin/cc       CMakeFiles/cmTC_74639.dir/feature_tests.c.o  -o cmTC_74639 -rdynamic 
make[2]: Leaving directory '/home/ubuntu/fork/monero-0.13.0.2/build/Linux/master/release/CMakeFiles/CMakeTmp'
make[1]: Leaving directory '/home/ubuntu/fork/monero-0.13.0.2/build/Linux/master/release/CMakeFiles/CMakeTmp'


    Feature record: C_FEATURE:1c_function_prototypes
    Feature record: C_FEATURE:1c_restrict
    Feature record: C_FEATURE:0c_static_assert
    Feature record: C_FEATURE:1c_variadic_macros


Detecting C [-std=c90] compiler features compiled with the following output:
Change Dir: /home/ubuntu/fork/monero-0.13.0.2/build/Linux/master/release/CMakeFiles/CMakeTmp

Run Build Command:"/usr/bin/make" "cmTC_87596/fast"
make[1]: Entering directory '/home/ubuntu/fork/monero-0.13.0.2/build/Linux/master/release/CMakeFiles/CMakeTmp'
/usr/bin/make -f CMakeFiles/cmTC_87596.dir/build.make CMakeFiles/cmTC_87596.dir/build
make[2]: Entering directory '/home/ubuntu/fork/monero-0.13.0.2/build/Linux/master/release/CMakeFiles/CMakeTmp'
Building C object CMakeFiles/cmTC_87596.dir/feature_tests.c.o
/usr/bin/cc    -std=c90 -o CMakeFiles/cmTC_87596.dir/feature_tests.c.o   -c /home/ubuntu/fork/monero-0.13.0.2/build/Linux/master/release/CMakeFiles/feature_tests.c
Linking C executable cmTC_87596
/usr/bin/cmake -E cmake_link_script CMakeFiles/cmTC_87596.dir/link.txt --verbose=1
/usr/bin/cc       CMakeFiles/cmTC_87596.dir/feature_tests.c.o  -o cmTC_87596 -rdynamic 
make[2]: Leaving directory '/home/ubuntu/fork/monero-0.13.0.2/build/Linux/master/release/CMakeFiles/CMakeTmp'
make[1]: Leaving directory '/home/ubuntu/fork/monero-0.13.0.2/build/Linux/master/release/CMakeFiles/CMakeTmp'


    Feature record: C_FEATURE:1c_function_prototypes
    Feature record: C_FEATURE:0c_restrict
    Feature record: C_FEATURE:0c_static_assert
    Feature record: C_FEATURE:0c_variadic_macros
Determining if the CXX compiler works passed with the following output:
Change Dir: /home/ubuntu/fork/monero-0.13.0.2/build/Linux/master/release/CMakeFiles/CMakeTmp

Run Build Command:"/usr/bin/make" "cmTC_e89ee/fast"
make[1]: Entering directory '/home/ubuntu/fork/monero-0.13.0.2/build/Linux/master/release/CMakeFiles/CMakeTmp'
/usr/bin/make -f CMakeFiles/cmTC_e89ee.dir/build.make CMakeFiles/cmTC_e89ee.dir/build
make[2]: Entering directory '/home/ubuntu/fork/monero-0.13.0.2/build/Linux/master/release/CMakeFiles/CMakeTmp'
Building CXX object CMakeFiles/cmTC_e89ee.dir/testCXXCompiler.cxx.o
/usr/bin/c++      -o CMakeFiles/cmTC_e89ee.dir/testCXXCompiler.cxx.o -c /home/ubuntu/fork/monero-0.13.0.2/build/Linux/master/release/CMakeFiles/CMakeTmp/testCXXCompiler.cxx
Linking CXX executable cmTC_e89ee
/usr/bin/cmake -E cmake_link_script CMakeFiles/cmTC_e89ee.dir/link.txt --verbose=1
/usr/bin/c++        CMakeFiles/cmTC_e89ee.dir/testCXXCompiler.cxx.o  -o cmTC_e89ee -rdynamic 
make[2]: Leaving directory '/home/ubuntu/fork/monero-0.13.0.2/build/Linux/master/release/CMakeFiles/CMakeTmp'
make[1]: Leaving directory '/home/ubuntu/fork/monero-0.13.0.2/build/Linux/master/release/CMakeFiles/CMakeTmp'


Detecting CXX compiler ABI info compiled with the following output:
Change Dir: /home/ubuntu/fork/monero-0.13.0.2/build/Linux/master/release/CMakeFiles/CMakeTmp

Run Build Command:"/usr/bin/make" "cmTC_94898/fast"
make[1]: Entering directory '/home/ubuntu/fork/monero-0.13.0.2/build/Linux/master/release/CMakeFiles/CMakeTmp'
/usr/bin/make -f CMakeFiles/cmTC_94898.dir/build.make CMakeFiles/cmTC_94898.dir/build
make[2]: Entering directory '/home/ubuntu/fork/monero-0.13.0.2/build/Linux/master/release/CMakeFiles/CMakeTmp'
Building CXX object CMakeFiles/cmTC_94898.dir/CMakeCXXCompilerABI.cpp.o
/usr/bin/c++      -o CMakeFiles/cmTC_94898.dir/CMakeCXXCompilerABI.cpp.o -c /usr/share/cmake-3.5/Modules/CMakeCXXCompilerABI.cpp
Linking CXX executable cmTC_94898
/usr/bin/cmake -E cmake_link_script CMakeFiles/cmTC_94898.dir/link.txt --verbose=1
/usr/bin/c++       -v CMakeFiles/cmTC_94898.dir/CMakeCXXCompilerABI.cpp.o  -o cmTC_94898 -rdynamic  
Using built-in specs.
COLLECT_GCC=/usr/bin/c++
COLLECT_LTO_WRAPPER=/usr/lib/gcc/x86_64-linux-gnu/5/lto-wrapper
Target: x86_64-linux-gnu
Configured with: ../src/configure -v --with-pkgversion='Ubuntu 5.4.0-6ubuntu1~16.04.10' --with-bugurl=file:///usr/share/doc/gcc-5/README.Bugs --enable-languages=c,ada,c++,java,go,d,fortran,objc,obj-c++ --prefix=/usr --program-suffix=-5 --enable-shared --enable-linker-build-id --libexecdir=/usr/lib --without-included-gettext --enable-threads=posix --libdir=/usr/lib --enable-nls --with-sysroot=/ --enable-clocale=gnu --enable-libstdcxx-debug --enable-libstdcxx-time=yes --with-default-libstdcxx-abi=new --enable-gnu-unique-object --disable-vtable-verify --enable-libmpx --enable-plugin --with-system-zlib --disable-browser-plugin --enable-java-awt=gtk --enable-gtk-cairo --with-java-home=/usr/lib/jvm/java-1.5.0-gcj-5-amd64/jre --enable-java-home --with-jvm-root-dir=/usr/lib/jvm/java-1.5.0-gcj-5-amd64 --with-jvm-jar-dir=/usr/lib/jvm-exports/java-1.5.0-gcj-5-amd64 --with-arch-directory=amd64 --with-ecj-jar=/usr/share/java/eclipse-ecj.jar --enable-objc-gc --enable-multiarch --disable-werror --with-arch-32=i686 --with-abi=m64 --with-multilib-list=m32,m64,mx32 --enable-multilib --with-tune=generic --enable-checking=release --build=x86_64-linux-gnu --host=x86_64-linux-gnu --target=x86_64-linux-gnu
Thread model: posix
gcc version 5.4.0 20160609 (Ubuntu 5.4.0-6ubuntu1~16.04.10) 
COMPILER_PATH=/usr/lib/gcc/x86_64-linux-gnu/5/:/usr/lib/gcc/x86_64-linux-gnu/5/:/usr/lib/gcc/x86_64-linux-gnu/:/usr/lib/gcc/x86_64-linux-gnu/5/:/usr/lib/gcc/x86_64-linux-gnu/
LIBRARY_PATH=/usr/lib/gcc/x86_64-linux-gnu/5/:/usr/lib/gcc/x86_64-linux-gnu/5/../../../x86_64-linux-gnu/:/usr/lib/gcc/x86_64-linux-gnu/5/../../../../lib/:/lib/x86_64-linux-gnu/:/lib/../lib/:/usr/lib/x86_64-linux-gnu/:/usr/lib/../lib/:/usr/lib/gcc/x86_64-linux-gnu/5/../../../:/lib/:/usr/lib/
COLLECT_GCC_OPTIONS='-v' '-o' 'cmTC_94898' '-rdynamic' '-shared-libgcc' '-mtune=generic' '-march=x86-64'
 /usr/lib/gcc/x86_64-linux-gnu/5/collect2 -plugin /usr/lib/gcc/x86_64-linux-gnu/5/liblto_plugin.so -plugin-opt=/usr/lib/gcc/x86_64-linux-gnu/5/lto-wrapper -plugin-opt=-fresolution=/tmp/ccUYbgy4.res -plugin-opt=-pass-through=-lgcc_s -plugin-opt=-pass-through=-lgcc -plugin-opt=-pass-through=-lc -plugin-opt=-pass-through=-lgcc_s -plugin-opt=-pass-through=-lgcc --sysroot=/ --build-id --eh-frame-hdr -m elf_x86_64 --hash-style=gnu --as-needed -export-dynamic -dynamic-linker /lib64/ld-linux-x86-64.so.2 -z relro -o cmTC_94898 /usr/lib/gcc/x86_64-linux-gnu/5/../../../x86_64-linux-gnu/crt1.o /usr/lib/gcc/x86_64-linux-gnu/5/../../../x86_64-linux-gnu/crti.o /usr/lib/gcc/x86_64-linux-gnu/5/crtbegin.o -L/usr/lib/gcc/x86_64-linux-gnu/5 -L/usr/lib/gcc/x86_64-linux-gnu/5/../../../x86_64-linux-gnu -L/usr/lib/gcc/x86_64-linux-gnu/5/../../../../lib -L/lib/x86_64-linux-gnu -L/lib/../lib -L/usr/lib/x86_64-linux-gnu -L/usr/lib/../lib -L/usr/lib/gcc/x86_64-linux-gnu/5/../../.. CMakeFiles/cmTC_94898.dir/CMakeCXXCompilerABI.cpp.o -lstdc++ -lm -lgcc_s -lgcc -lc -lgcc_s -lgcc /usr/lib/gcc/x86_64-linux-gnu/5/crtend.o /usr/lib/gcc/x86_64-linux-gnu/5/../../../x86_64-linux-gnu/crtn.o
make[2]: Leaving directory '/home/ubuntu/fork/monero-0.13.0.2/build/Linux/master/release/CMakeFiles/CMakeTmp'
make[1]: Leaving directory '/home/ubuntu/fork/monero-0.13.0.2/build/Linux/master/release/CMakeFiles/CMakeTmp'


Parsed CXX implicit link information from above output:
  link line regex: [^( *|.*[/\])(ld|([^/\]+-)?ld|collect2)[^/\]*( |$)]
  ignore line: [Change Dir: /home/ubuntu/fork/monero-0.13.0.2/build/Linux/master/release/CMakeFiles/CMakeTmp]
  ignore line: []
  ignore line: [Run Build Command:"/usr/bin/make" "cmTC_94898/fast"]
  ignore line: [make[1]: Entering directory '/home/ubuntu/fork/monero-0.13.0.2/build/Linux/master/release/CMakeFiles/CMakeTmp']
  ignore line: [/usr/bin/make -f CMakeFiles/cmTC_94898.dir/build.make CMakeFiles/cmTC_94898.dir/build]
  ignore line: [make[2]: Entering directory '/home/ubuntu/fork/monero-0.13.0.2/build/Linux/master/release/CMakeFiles/CMakeTmp']
  ignore line: [Building CXX object CMakeFiles/cmTC_94898.dir/CMakeCXXCompilerABI.cpp.o]
  ignore line: [/usr/bin/c++      -o CMakeFiles/cmTC_94898.dir/CMakeCXXCompilerABI.cpp.o -c /usr/share/cmake-3.5/Modules/CMakeCXXCompilerABI.cpp]
  ignore line: [Linking CXX executable cmTC_94898]
  ignore line: [/usr/bin/cmake -E cmake_link_script CMakeFiles/cmTC_94898.dir/link.txt --verbose=1]
  ignore line: [/usr/bin/c++       -v CMakeFiles/cmTC_94898.dir/CMakeCXXCompilerABI.cpp.o  -o cmTC_94898 -rdynamic  ]
  ignore line: [Using built-in specs.]
  ignore line: [COLLECT_GCC=/usr/bin/c++]
  ignore line: [COLLECT_LTO_WRAPPER=/usr/lib/gcc/x86_64-linux-gnu/5/lto-wrapper]
  ignore line: [Target: x86_64-linux-gnu]
  ignore line: [Configured with: ../src/configure -v --with-pkgversion='Ubuntu 5.4.0-6ubuntu1~16.04.10' --with-bugurl=file:///usr/share/doc/gcc-5/README.Bugs --enable-languages=c,ada,c++,java,go,d,fortran,objc,obj-c++ --prefix=/usr --program-suffix=-5 --enable-shared --enable-linker-build-id --libexecdir=/usr/lib --without-included-gettext --enable-threads=posix --libdir=/usr/lib --enable-nls --with-sysroot=/ --enable-clocale=gnu --enable-libstdcxx-debug --enable-libstdcxx-time=yes --with-default-libstdcxx-abi=new --enable-gnu-unique-object --disable-vtable-verify --enable-libmpx --enable-plugin --with-system-zlib --disable-browser-plugin --enable-java-awt=gtk --enable-gtk-cairo --with-java-home=/usr/lib/jvm/java-1.5.0-gcj-5-amd64/jre --enable-java-home --with-jvm-root-dir=/usr/lib/jvm/java-1.5.0-gcj-5-amd64 --with-jvm-jar-dir=/usr/lib/jvm-exports/java-1.5.0-gcj-5-amd64 --with-arch-directory=amd64 --with-ecj-jar=/usr/share/java/eclipse-ecj.jar --enable-objc-gc --enable-multiarch --disable-werror --with-arch-32=i686 --with-abi=m64 --with-multilib-list=m32,m64,mx32 --enable-multilib --with-tune=generic --enable-checking=release --build=x86_64-linux-gnu --host=x86_64-linux-gnu --target=x86_64-linux-gnu]
  ignore line: [Thread model: posix]
  ignore line: [gcc version 5.4.0 20160609 (Ubuntu 5.4.0-6ubuntu1~16.04.10) ]
  ignore line: [COMPILER_PATH=/usr/lib/gcc/x86_64-linux-gnu/5/:/usr/lib/gcc/x86_64-linux-gnu/5/:/usr/lib/gcc/x86_64-linux-gnu/:/usr/lib/gcc/x86_64-linux-gnu/5/:/usr/lib/gcc/x86_64-linux-gnu/]
  ignore line: [LIBRARY_PATH=/usr/lib/gcc/x86_64-linux-gnu/5/:/usr/lib/gcc/x86_64-linux-gnu/5/../../../x86_64-linux-gnu/:/usr/lib/gcc/x86_64-linux-gnu/5/../../../../lib/:/lib/x86_64-linux-gnu/:/lib/../lib/:/usr/lib/x86_64-linux-gnu/:/usr/lib/../lib/:/usr/lib/gcc/x86_64-linux-gnu/5/../../../:/lib/:/usr/lib/]
  ignore line: [COLLECT_GCC_OPTIONS='-v' '-o' 'cmTC_94898' '-rdynamic' '-shared-libgcc' '-mtune=generic' '-march=x86-64']
  link line: [ /usr/lib/gcc/x86_64-linux-gnu/5/collect2 -plugin /usr/lib/gcc/x86_64-linux-gnu/5/liblto_plugin.so -plugin-opt=/usr/lib/gcc/x86_64-linux-gnu/5/lto-wrapper -plugin-opt=-fresolution=/tmp/ccUYbgy4.res -plugin-opt=-pass-through=-lgcc_s -plugin-opt=-pass-through=-lgcc -plugin-opt=-pass-through=-lc -plugin-opt=-pass-through=-lgcc_s -plugin-opt=-pass-through=-lgcc --sysroot=/ --build-id --eh-frame-hdr -m elf_x86_64 --hash-style=gnu --as-needed -export-dynamic -dynamic-linker /lib64/ld-linux-x86-64.so.2 -z relro -o cmTC_94898 /usr/lib/gcc/x86_64-linux-gnu/5/../../../x86_64-linux-gnu/crt1.o /usr/lib/gcc/x86_64-linux-gnu/5/../../../x86_64-linux-gnu/crti.o /usr/lib/gcc/x86_64-linux-gnu/5/crtbegin.o -L/usr/lib/gcc/x86_64-linux-gnu/5 -L/usr/lib/gcc/x86_64-linux-gnu/5/../../../x86_64-linux-gnu -L/usr/lib/gcc/x86_64-linux-gnu/5/../../../../lib -L/lib/x86_64-linux-gnu -L/lib/../lib -L/usr/lib/x86_64-linux-gnu -L/usr/lib/../lib -L/usr/lib/gcc/x86_64-linux-gnu/5/../../.. CMakeFiles/cmTC_94898.dir/CMakeCXXCompilerABI.cpp.o -lstdc++ -lm -lgcc_s -lgcc -lc -lgcc_s -lgcc /usr/lib/gcc/x86_64-linux-gnu/5/crtend.o /usr/lib/gcc/x86_64-linux-gnu/5/../../../x86_64-linux-gnu/crtn.o]
    arg [/usr/lib/gcc/x86_64-linux-gnu/5/collect2] ==> ignore
    arg [-plugin] ==> ignore
    arg [/usr/lib/gcc/x86_64-linux-gnu/5/liblto_plugin.so] ==> ignore
    arg [-plugin-opt=/usr/lib/gcc/x86_64-linux-gnu/5/lto-wrapper] ==> ignore
    arg [-plugin-opt=-fresolution=/tmp/ccUYbgy4.res] ==> ignore
    arg [-plugin-opt=-pass-through=-lgcc_s] ==> ignore
    arg [-plugin-opt=-pass-through=-lgcc] ==> ignore
    arg [-plugin-opt=-pass-through=-lc] ==> ignore
    arg [-plugin-opt=-pass-through=-lgcc_s] ==> ignore
    arg [-plugin-opt=-pass-through=-lgcc] ==> ignore
    arg [--sysroot=/] ==> ignore
    arg [--build-id] ==> ignore
    arg [--eh-frame-hdr] ==> ignore
    arg [-m] ==> ignore
    arg [elf_x86_64] ==> ignore
    arg [--hash-style=gnu] ==> ignore
    arg [--as-needed] ==> ignore
    arg [-export-dynamic] ==> ignore
    arg [-dynamic-linker] ==> ignore
    arg [/lib64/ld-linux-x86-64.so.2] ==> ignore
    arg [-zrelro] ==> ignore
    arg [-o] ==> ignore
    arg [cmTC_94898] ==> ignore
    arg [/usr/lib/gcc/x86_64-linux-gnu/5/../../../x86_64-linux-gnu/crt1.o] ==> ignore
    arg [/usr/lib/gcc/x86_64-linux-gnu/5/../../../x86_64-linux-gnu/crti.o] ==> ignore
    arg [/usr/lib/gcc/x86_64-linux-gnu/5/crtbegin.o] ==> ignore
    arg [-L/usr/lib/gcc/x86_64-linux-gnu/5] ==> dir [/usr/lib/gcc/x86_64-linux-gnu/5]
    arg [-L/usr/lib/gcc/x86_64-linux-gnu/5/../../../x86_64-linux-gnu] ==> dir [/usr/lib/gcc/x86_64-linux-gnu/5/../../../x86_64-linux-gnu]
    arg [-L/usr/lib/gcc/x86_64-linux-gnu/5/../../../../lib] ==> dir [/usr/lib/gcc/x86_64-linux-gnu/5/../../../../lib]
    arg [-L/lib/x86_64-linux-gnu] ==> dir [/lib/x86_64-linux-gnu]
    arg [-L/lib/../lib] ==> dir [/lib/../lib]
    arg [-L/usr/lib/x86_64-linux-gnu] ==> dir [/usr/lib/x86_64-linux-gnu]
    arg [-L/usr/lib/../lib] ==> dir [/usr/lib/../lib]
    arg [-L/usr/lib/gcc/x86_64-linux-gnu/5/../../..] ==> dir [/usr/lib/gcc/x86_64-linux-gnu/5/../../..]
    arg [CMakeFiles/cmTC_94898.dir/CMakeCXXCompilerABI.cpp.o] ==> ignore
    arg [-lstdc++] ==> lib [stdc++]
    arg [-lm] ==> lib [m]
    arg [-lgcc_s] ==> lib [gcc_s]
    arg [-lgcc] ==> lib [gcc]
    arg [-lc] ==> lib [c]
    arg [-lgcc_s] ==> lib [gcc_s]
    arg [-lgcc] ==> lib [gcc]
    arg [/usr/lib/gcc/x86_64-linux-gnu/5/crtend.o] ==> ignore
    arg [/usr/lib/gcc/x86_64-linux-gnu/5/../../../x86_64-linux-gnu/crtn.o] ==> ignore
  remove lib [gcc_s]
  remove lib [gcc]
  remove lib [gcc_s]
  remove lib [gcc]
  collapse library dir [/usr/lib/gcc/x86_64-linux-gnu/5] ==> [/usr/lib/gcc/x86_64-linux-gnu/5]
  collapse library dir [/usr/lib/gcc/x86_64-linux-gnu/5/../../../x86_64-linux-gnu] ==> [/usr/lib/x86_64-linux-gnu]
  collapse library dir [/usr/lib/gcc/x86_64-linux-gnu/5/../../../../lib] ==> [/usr/lib]
  collapse library dir [/lib/x86_64-linux-gnu] ==> [/lib/x86_64-linux-gnu]
  collapse library dir [/lib/../lib] ==> [/lib]
  collapse library dir [/usr/lib/x86_64-linux-gnu] ==> [/usr/lib/x86_64-linux-gnu]
  collapse library dir [/usr/lib/../lib] ==> [/usr/lib]
  collapse library dir [/usr/lib/gcc/x86_64-linux-gnu/5/../../..] ==> [/usr/lib]
  implicit libs: [stdc++;m;c]
  implicit dirs: [/usr/lib/gcc/x86_64-linux-gnu/5;/usr/lib/x86_64-linux-gnu;/usr/lib;/lib/x86_64-linux-gnu;/lib]
  implicit fwks: []




Detecting CXX [-std=c++14] compiler features compiled with the following output:
Change Dir: /home/ubuntu/fork/monero-0.13.0.2/build/Linux/master/release/CMakeFiles/CMakeTmp

Run Build Command:"/usr/bin/make" "cmTC_d225f/fast"
make[1]: Entering directory '/home/ubuntu/fork/monero-0.13.0.2/build/Linux/master/release/CMakeFiles/CMakeTmp'
/usr/bin/make -f CMakeFiles/cmTC_d225f.dir/build.make CMakeFiles/cmTC_d225f.dir/build
make[2]: Entering directory '/home/ubuntu/fork/monero-0.13.0.2/build/Linux/master/release/CMakeFiles/CMakeTmp'
Building CXX object CMakeFiles/cmTC_d225f.dir/feature_tests.cxx.o
/usr/bin/c++     -std=c++14 -o CMakeFiles/cmTC_d225f.dir/feature_tests.cxx.o -c /home/ubuntu/fork/monero-0.13.0.2/build/Linux/master/release/CMakeFiles/feature_tests.cxx
Linking CXX executable cmTC_d225f
/usr/bin/cmake -E cmake_link_script CMakeFiles/cmTC_d225f.dir/link.txt --verbose=1
/usr/bin/c++        CMakeFiles/cmTC_d225f.dir/feature_tests.cxx.o  -o cmTC_d225f -rdynamic 
make[2]: Leaving directory '/home/ubuntu/fork/monero-0.13.0.2/build/Linux/master/release/CMakeFiles/CMakeTmp'
make[1]: Leaving directory '/home/ubuntu/fork/monero-0.13.0.2/build/Linux/master/release/CMakeFiles/CMakeTmp'


    Feature record: CXX_FEATURE:1cxx_aggregate_default_initializers
    Feature record: CXX_FEATURE:1cxx_alias_templates
    Feature record: CXX_FEATURE:1cxx_alignas
    Feature record: CXX_FEATURE:1cxx_alignof
    Feature record: CXX_FEATURE:1cxx_attributes
    Feature record: CXX_FEATURE:1cxx_attribute_deprecated
    Feature record: CXX_FEATURE:1cxx_auto_type
    Feature record: CXX_FEATURE:1cxx_binary_literals
    Feature record: CXX_FEATURE:1cxx_constexpr
    Feature record: CXX_FEATURE:1cxx_contextual_conversions
    Feature record: CXX_FEATURE:1cxx_decltype
    Feature record: CXX_FEATURE:1cxx_decltype_auto
    Feature record: CXX_FEATURE:1cxx_decltype_incomplete_return_types
    Feature record: CXX_FEATURE:1cxx_default_function_template_args
    Feature record: CXX_FEATURE:1cxx_defaulted_functions
    Feature record: CXX_FEATURE:1cxx_defaulted_move_initializers
    Feature record: CXX_FEATURE:1cxx_delegating_constructors
    Feature record: CXX_FEATURE:1cxx_deleted_functions
    Feature record: CXX_FEATURE:1cxx_digit_separators
    Feature record: CXX_FEATURE:1cxx_enum_forward_declarations
    Feature record: CXX_FEATURE:1cxx_explicit_conversions
    Feature record: CXX_FEATURE:1cxx_extended_friend_declarations
    Feature record: CXX_FEATURE:1cxx_extern_templates
    Feature record: CXX_FEATURE:1cxx_final
    Feature record: CXX_FEATURE:1cxx_func_identifier
    Feature record: CXX_FEATURE:1cxx_generalized_initializers
    Feature record: CXX_FEATURE:1cxx_generic_lambdas
    Feature record: CXX_FEATURE:1cxx_inheriting_constructors
    Feature record: CXX_FEATURE:1cxx_inline_namespaces
    Feature record: CXX_FEATURE:1cxx_lambdas
    Feature record: CXX_FEATURE:1cxx_lambda_init_captures
    Feature record: CXX_FEATURE:1cxx_local_type_template_args
    Feature record: CXX_FEATURE:1cxx_long_long_type
    Feature record: CXX_FEATURE:1cxx_noexcept
    Feature record: CXX_FEATURE:1cxx_nonstatic_member_init
    Feature record: CXX_FEATURE:1cxx_nullptr
    Feature record: CXX_FEATURE:1cxx_override
    Feature record: CXX_FEATURE:1cxx_range_for
    Feature record: CXX_FEATURE:1cxx_raw_string_literals
    Feature record: CXX_FEATURE:1cxx_reference_qualified_functions
    Feature record: CXX_FEATURE:1cxx_relaxed_constexpr
    Feature record: CXX_FEATURE:1cxx_return_type_deduction
    Feature record: CXX_FEATURE:1cxx_right_angle_brackets
    Feature record: CXX_FEATURE:1cxx_rvalue_references
    Feature record: CXX_FEATURE:1cxx_sizeof_member
    Feature record: CXX_FEATURE:1cxx_static_assert
    Feature record: CXX_FEATURE:1cxx_strong_enums
    Feature record: CXX_FEATURE:1cxx_template_template_parameters
    Feature record: CXX_FEATURE:1cxx_thread_local
    Feature record: CXX_FEATURE:1cxx_trailing_return_types
    Feature record: CXX_FEATURE:1cxx_unicode_literals
    Feature record: CXX_FEATURE:1cxx_uniform_initialization
    Feature record: CXX_FEATURE:1cxx_unrestricted_unions
    Feature record: CXX_FEATURE:1cxx_user_literals
    Feature record: CXX_FEATURE:1cxx_variable_templates
    Feature record: CXX_FEATURE:1cxx_variadic_macros
    Feature record: CXX_FEATURE:1cxx_variadic_templates


Detecting CXX [-std=c++11] compiler features compiled with the following output:
Change Dir: /home/ubuntu/fork/monero-0.13.0.2/build/Linux/master/release/CMakeFiles/CMakeTmp

Run Build Command:"/usr/bin/make" "cmTC_c8498/fast"
make[1]: Entering directory '/home/ubuntu/fork/monero-0.13.0.2/build/Linux/master/release/CMakeFiles/CMakeTmp'
/usr/bin/make -f CMakeFiles/cmTC_c8498.dir/build.make CMakeFiles/cmTC_c8498.dir/build
make[2]: Entering directory '/home/ubuntu/fork/monero-0.13.0.2/build/Linux/master/release/CMakeFiles/CMakeTmp'
Building CXX object CMakeFiles/cmTC_c8498.dir/feature_tests.cxx.o
/usr/bin/c++     -std=c++11 -o CMakeFiles/cmTC_c8498.dir/feature_tests.cxx.o -c /home/ubuntu/fork/monero-0.13.0.2/build/Linux/master/release/CMakeFiles/feature_tests.cxx
Linking CXX executable cmTC_c8498
/usr/bin/cmake -E cmake_link_script CMakeFiles/cmTC_c8498.dir/link.txt --verbose=1
/usr/bin/c++        CMakeFiles/cmTC_c8498.dir/feature_tests.cxx.o  -o cmTC_c8498 -rdynamic 
make[2]: Leaving directory '/home/ubuntu/fork/monero-0.13.0.2/build/Linux/master/release/CMakeFiles/CMakeTmp'
make[1]: Leaving directory '/home/ubuntu/fork/monero-0.13.0.2/build/Linux/master/release/CMakeFiles/CMakeTmp'


    Feature record: CXX_FEATURE:0cxx_aggregate_default_initializers
    Feature record: CXX_FEATURE:1cxx_alias_templates
    Feature record: CXX_FEATURE:1cxx_alignas
    Feature record: CXX_FEATURE:1cxx_alignof
    Feature record: CXX_FEATURE:1cxx_attributes
    Feature record: CXX_FEATURE:0cxx_attribute_deprecated
    Feature record: CXX_FEATURE:1cxx_auto_type
    Feature record: CXX_FEATURE:0cxx_binary_literals
    Feature record: CXX_FEATURE:1cxx_constexpr
    Feature record: CXX_FEATURE:0cxx_contextual_conversions
    Feature record: CXX_FEATURE:1cxx_decltype
    Feature record: CXX_FEATURE:0cxx_decltype_auto
    Feature record: CXX_FEATURE:1cxx_decltype_incomplete_return_types
    Feature record: CXX_FEATURE:1cxx_default_function_template_args
    Feature record: CXX_FEATURE:1cxx_defaulted_functions
    Feature record: CXX_FEATURE:1cxx_defaulted_move_initializers
    Feature record: CXX_FEATURE:1cxx_delegating_constructors
    Feature record: CXX_FEATURE:1cxx_deleted_functions
    Feature record: CXX_FEATURE:0cxx_digit_separators
    Feature record: CXX_FEATURE:1cxx_enum_forward_declarations
    Feature record: CXX_FEATURE:1cxx_explicit_conversions
    Feature record: CXX_FEATURE:1cxx_extended_friend_declarations
    Feature record: CXX_FEATURE:1cxx_extern_templates
    Feature record: CXX_FEATURE:1cxx_final
    Feature record: CXX_FEATURE:1cxx_func_identifier
    Feature record: CXX_FEATURE:1cxx_generalized_initializers
    Feature record: CXX_FEATURE:0cxx_generic_lambdas
    Feature record: CXX_FEATURE:1cxx_inheriting_constructors
    Feature record: CXX_FEATURE:1cxx_inline_namespaces
    Feature record: CXX_FEATURE:1cxx_lambdas
    Feature record: CXX_FEATURE:0cxx_lambda_init_captures
    Feature record: CXX_FEATURE:1cxx_local_type_template_args
    Feature record: CXX_FEATURE:1cxx_long_long_type
    Feature record: CXX_FEATURE:1cxx_noexcept
    Feature record: CXX_FEATURE:1cxx_nonstatic_member_init
    Feature record: CXX_FEATURE:1cxx_nullptr
    Feature record: CXX_FEATURE:1cxx_override
    Feature record: CXX_FEATURE:1cxx_range_for
    Feature record: CXX_FEATURE:1cxx_raw_string_literals
    Feature record: CXX_FEATURE:1cxx_reference_qualified_functions
    Feature record: CXX_FEATURE:0cxx_relaxed_constexpr
    Feature record: CXX_FEATURE:0cxx_return_type_deduction
    Feature record: CXX_FEATURE:1cxx_right_angle_brackets
    Feature record: CXX_FEATURE:1cxx_rvalue_references
    Feature record: CXX_FEATURE:1cxx_sizeof_member
    Feature record: CXX_FEATURE:1cxx_static_assert
    Feature record: CXX_FEATURE:1cxx_strong_enums
    Feature record: CXX_FEATURE:1cxx_template_template_parameters
    Feature record: CXX_FEATURE:1cxx_thread_local
    Feature record: CXX_FEATURE:1cxx_trailing_return_types
    Feature record: CXX_FEATURE:1cxx_unicode_literals
    Feature record: CXX_FEATURE:1cxx_uniform_initialization
    Feature record: CXX_FEATURE:1cxx_unrestricted_unions
    Feature record: CXX_FEATURE:1cxx_user_literals
    Feature record: CXX_FEATURE:0cxx_variable_templates
    Feature record: CXX_FEATURE:1cxx_variadic_macros
    Feature record: CXX_FEATURE:1cxx_variadic_templates


Detecting CXX [-std=c++98] compiler features compiled with the following output:
Change Dir: /home/ubuntu/fork/monero-0.13.0.2/build/Linux/master/release/CMakeFiles/CMakeTmp

Run Build Command:"/usr/bin/make" "cmTC_2f6be/fast"
make[1]: Entering directory '/home/ubuntu/fork/monero-0.13.0.2/build/Linux/master/release/CMakeFiles/CMakeTmp'
/usr/bin/make -f CMakeFiles/cmTC_2f6be.dir/build.make CMakeFiles/cmTC_2f6be.dir/build
make[2]: Entering directory '/home/ubuntu/fork/monero-0.13.0.2/build/Linux/master/release/CMakeFiles/CMakeTmp'
Building CXX object CMakeFiles/cmTC_2f6be.dir/feature_tests.cxx.o
/usr/bin/c++     -std=c++98 -o CMakeFiles/cmTC_2f6be.dir/feature_tests.cxx.o -c /home/ubuntu/fork/monero-0.13.0.2/build/Linux/master/release/CMakeFiles/feature_tests.cxx
Linking CXX executable cmTC_2f6be
/usr/bin/cmake -E cmake_link_script CMakeFiles/cmTC_2f6be.dir/link.txt --verbose=1
/usr/bin/c++        CMakeFiles/cmTC_2f6be.dir/feature_tests.cxx.o  -o cmTC_2f6be -rdynamic 
make[2]: Leaving directory '/home/ubuntu/fork/monero-0.13.0.2/build/Linux/master/release/CMakeFiles/CMakeTmp'
make[1]: Leaving directory '/home/ubuntu/fork/monero-0.13.0.2/build/Linux/master/release/CMakeFiles/CMakeTmp'


    Feature record: CXX_FEATURE:0cxx_aggregate_default_initializers
    Feature record: CXX_FEATURE:0cxx_alias_templates
    Feature record: CXX_FEATURE:0cxx_alignas
    Feature record: CXX_FEATURE:0cxx_alignof
    Feature record: CXX_FEATURE:0cxx_attributes
    Feature record: CXX_FEATURE:0cxx_attribute_deprecated
    Feature record: CXX_FEATURE:0cxx_auto_type
    Feature record: CXX_FEATURE:0cxx_binary_literals
    Feature record: CXX_FEATURE:0cxx_constexpr
    Feature record: CXX_FEATURE:0cxx_contextual_conversions
    Feature record: CXX_FEATURE:0cxx_decltype
    Feature record: CXX_FEATURE:0cxx_decltype_auto
    Feature record: CXX_FEATURE:0cxx_decltype_incomplete_return_types
    Feature record: CXX_FEATURE:0cxx_default_function_template_args
    Feature record: CXX_FEATURE:0cxx_defaulted_functions
    Feature record: CXX_FEATURE:0cxx_defaulted_move_initializers
    Feature record: CXX_FEATURE:0cxx_delegating_constructors
    Feature record: CXX_FEATURE:0cxx_deleted_functions
    Feature record: CXX_FEATURE:0cxx_digit_separators
    Feature record: CXX_FEATURE:0cxx_enum_forward_declarations
    Feature record: CXX_FEATURE:0cxx_explicit_conversions
    Feature record: CXX_FEATURE:0cxx_extended_friend_declarations
    Feature record: CXX_FEATURE:0cxx_extern_templates
    Feature record: CXX_FEATURE:0cxx_final
    Feature record: CXX_FEATURE:0cxx_func_identifier
    Feature record: CXX_FEATURE:0cxx_generalized_initializers
    Feature record: CXX_FEATURE:0cxx_generic_lambdas
    Feature record: CXX_FEATURE:0cxx_inheriting_constructors
    Feature record: CXX_FEATURE:0cxx_inline_namespaces
    Feature record: CXX_FEATURE:0cxx_lambdas
    Feature record: CXX_FEATURE:0cxx_lambda_init_captures
    Feature record: CXX_FEATURE:0cxx_local_type_template_args
    Feature record: CXX_FEATURE:0cxx_long_long_type
    Feature record: CXX_FEATURE:0cxx_noexcept
    Feature record: CXX_FEATURE:0cxx_nonstatic_member_init
    Feature record: CXX_FEATURE:0cxx_nullptr
    Feature record: CXX_FEATURE:0cxx_override
    Feature record: CXX_FEATURE:0cxx_range_for
    Feature record: CXX_FEATURE:0cxx_raw_string_literals
    Feature record: CXX_FEATURE:0cxx_reference_qualified_functions
    Feature record: CXX_FEATURE:0cxx_relaxed_constexpr
    Feature record: CXX_FEATURE:0cxx_return_type_deduction
    Feature record: CXX_FEATURE:0cxx_right_angle_brackets
    Feature record: CXX_FEATURE:0cxx_rvalue_references
    Feature record: CXX_FEATURE:0cxx_sizeof_member
    Feature record: CXX_FEATURE:0cxx_static_assert
    Feature record: CXX_FEATURE:0cxx_strong_enums
    Feature record: CXX_FEATURE:1cxx_template_template_parameters
    Feature record: CXX_FEATURE:0cxx_thread_local
    Feature record: CXX_FEATURE:0cxx_trailing_return_types
    Feature record: CXX_FEATURE:0cxx_unicode_literals
    Feature record: CXX_FEATURE:0cxx_uniform_initialization
    Feature record: CXX_FEATURE:0cxx_unrestricted_unions
    Feature record: CXX_FEATURE:0cxx_user_literals
    Feature record: CXX_FEATURE:0cxx_variable_templates
    Feature record: CXX_FEATURE:0cxx_variadic_macros
    Feature record: CXX_FEATURE:0cxx_variadic_templates
Determining if the include file pthread.h exists passed with the following output:
Change Dir: /home/ubuntu/fork/monero-0.13.0.2/build/Linux/master/release/CMakeFiles/CMakeTmp

Run Build Command:"/usr/bin/make" "cmTC_5f64c/fast"
make[1]: Entering directory '/home/ubuntu/fork/monero-0.13.0.2/build/Linux/master/release/CMakeFiles/CMakeTmp'
/usr/bin/make -f CMakeFiles/cmTC_5f64c.dir/build.make CMakeFiles/cmTC_5f64c.dir/build
make[2]: Entering directory '/home/ubuntu/fork/monero-0.13.0.2/build/Linux/master/release/CMakeFiles/CMakeTmp'
Building C object CMakeFiles/cmTC_5f64c.dir/CheckIncludeFile.c.o
/usr/bin/cc     -o CMakeFiles/cmTC_5f64c.dir/CheckIncludeFile.c.o   -c /home/ubuntu/fork/monero-0.13.0.2/build/Linux/master/release/CMakeFiles/CMakeTmp/CheckIncludeFile.c
Linking C executable cmTC_5f64c
/usr/bin/cmake -E cmake_link_script CMakeFiles/cmTC_5f64c.dir/link.txt --verbose=1
/usr/bin/cc       CMakeFiles/cmTC_5f64c.dir/CheckIncludeFile.c.o  -o cmTC_5f64c -rdynamic 
make[2]: Leaving directory '/home/ubuntu/fork/monero-0.13.0.2/build/Linux/master/release/CMakeFiles/CMakeTmp'
make[1]: Leaving directory '/home/ubuntu/fork/monero-0.13.0.2/build/Linux/master/release/CMakeFiles/CMakeTmp'


Determining if the function strptime exists passed with the following output:
Change Dir: /home/ubuntu/fork/monero-0.13.0.2/build/Linux/master/release/CMakeFiles/CMakeTmp

Run Build Command:"/usr/bin/make" "cmTC_4428c/fast"
make[1]: Entering directory '/home/ubuntu/fork/monero-0.13.0.2/build/Linux/master/release/CMakeFiles/CMakeTmp'
/usr/bin/make -f CMakeFiles/cmTC_4428c.dir/build.make CMakeFiles/cmTC_4428c.dir/build
make[2]: Entering directory '/home/ubuntu/fork/monero-0.13.0.2/build/Linux/master/release/CMakeFiles/CMakeTmp'
Building C object CMakeFiles/cmTC_4428c.dir/CheckFunctionExists.c.o
/usr/bin/cc    -DCHECK_FUNCTION_EXISTS=strptime   -o CMakeFiles/cmTC_4428c.dir/CheckFunctionExists.c.o   -c /usr/share/cmake-3.5/Modules/CheckFunctionExists.c
Linking C executable cmTC_4428c
/usr/bin/cmake -E cmake_link_script CMakeFiles/cmTC_4428c.dir/link.txt --verbose=1
/usr/bin/cc   -DCHECK_FUNCTION_EXISTS=strptime    CMakeFiles/cmTC_4428c.dir/CheckFunctionExists.c.o  -o cmTC_4428c -rdynamic 
make[2]: Leaving directory '/home/ubuntu/fork/monero-0.13.0.2/build/Linux/master/release/CMakeFiles/CMakeTmp'
make[1]: Leaving directory '/home/ubuntu/fork/monero-0.13.0.2/build/Linux/master/release/CMakeFiles/CMakeTmp'


Performing C SOURCE FILE Test CC_SUPPORTS_MARCH_NATIVE succeeded with the following output:
Change Dir: /home/ubuntu/fork/monero-0.13.0.2/build/Linux/master/release/CMakeFiles/CMakeTmp

Run Build Command:"/usr/bin/make" "cmTC_43968/fast"
make[1]: Entering directory '/home/ubuntu/fork/monero-0.13.0.2/build/Linux/master/release/CMakeFiles/CMakeTmp'
/usr/bin/make -f CMakeFiles/cmTC_43968.dir/build.make CMakeFiles/cmTC_43968.dir/build
make[2]: Entering directory '/home/ubuntu/fork/monero-0.13.0.2/build/Linux/master/release/CMakeFiles/CMakeTmp'
Building C object CMakeFiles/cmTC_43968.dir/src.c.o
/usr/bin/cc    -DCC_SUPPORTS_MARCH_NATIVE   -march=native -o CMakeFiles/cmTC_43968.dir/src.c.o   -c /home/ubuntu/fork/monero-0.13.0.2/build/Linux/master/release/CMakeFiles/CMakeTmp/src.c
Linking C executable cmTC_43968
/usr/bin/cmake -E cmake_link_script CMakeFiles/cmTC_43968.dir/link.txt --verbose=1
/usr/bin/cc   -DCC_SUPPORTS_MARCH_NATIVE    CMakeFiles/cmTC_43968.dir/src.c.o  -o cmTC_43968 -rdynamic 
make[2]: Leaving directory '/home/ubuntu/fork/monero-0.13.0.2/build/Linux/master/release/CMakeFiles/CMakeTmp'
make[1]: Leaving directory '/home/ubuntu/fork/monero-0.13.0.2/build/Linux/master/release/CMakeFiles/CMakeTmp'

Source file was:
int main(void) { return 0; }
Performing C SOURCE FILE Test _Wformat_c succeeded with the following output:
Change Dir: /home/ubuntu/fork/monero-0.13.0.2/build/Linux/master/release/CMakeFiles/CMakeTmp

Run Build Command:"/usr/bin/make" "cmTC_3d9dc/fast"
make[1]: Entering directory '/home/ubuntu/fork/monero-0.13.0.2/build/Linux/master/release/CMakeFiles/CMakeTmp'
/usr/bin/make -f CMakeFiles/cmTC_3d9dc.dir/build.make CMakeFiles/cmTC_3d9dc.dir/build
make[2]: Entering directory '/home/ubuntu/fork/monero-0.13.0.2/build/Linux/master/release/CMakeFiles/CMakeTmp'
Building C object CMakeFiles/cmTC_3d9dc.dir/src.c.o
/usr/bin/cc    -maes -march=native -fno-strict-aliasing -D_Wformat_c   -Wformat -o CMakeFiles/cmTC_3d9dc.dir/src.c.o   -c /home/ubuntu/fork/monero-0.13.0.2/build/Linux/master/release/CMakeFiles/CMakeTmp/src.c
Linking C executable cmTC_3d9dc
/usr/bin/cmake -E cmake_link_script CMakeFiles/cmTC_3d9dc.dir/link.txt --verbose=1
/usr/bin/cc   -maes -march=native -fno-strict-aliasing -D_Wformat_c    CMakeFiles/cmTC_3d9dc.dir/src.c.o  -o cmTC_3d9dc -rdynamic 
make[2]: Leaving directory '/home/ubuntu/fork/monero-0.13.0.2/build/Linux/master/release/CMakeFiles/CMakeTmp'
make[1]: Leaving directory '/home/ubuntu/fork/monero-0.13.0.2/build/Linux/master/release/CMakeFiles/CMakeTmp'

Source file was:
int main(void) { return 0; }
Performing C++ SOURCE FILE Test _Wformat_cxx succeeded with the following output:
Change Dir: /home/ubuntu/fork/monero-0.13.0.2/build/Linux/master/release/CMakeFiles/CMakeTmp

Run Build Command:"/usr/bin/make" "cmTC_86b63/fast"
make[1]: Entering directory '/home/ubuntu/fork/monero-0.13.0.2/build/Linux/master/release/CMakeFiles/CMakeTmp'
/usr/bin/make -f CMakeFiles/cmTC_86b63.dir/build.make CMakeFiles/cmTC_86b63.dir/build
make[2]: Entering directory '/home/ubuntu/fork/monero-0.13.0.2/build/Linux/master/release/CMakeFiles/CMakeTmp'
Building CXX object CMakeFiles/cmTC_86b63.dir/src.cxx.o
/usr/bin/c++     -maes -march=native -fno-strict-aliasing -D_Wformat_cxx   -Wformat -o CMakeFiles/cmTC_86b63.dir/src.cxx.o -c /home/ubuntu/fork/monero-0.13.0.2/build/Linux/master/release/CMakeFiles/CMakeTmp/src.cxx
Linking CXX executable cmTC_86b63
/usr/bin/cmake -E cmake_link_script CMakeFiles/cmTC_86b63.dir/link.txt --verbose=1
/usr/bin/c++    -maes -march=native -fno-strict-aliasing -D_Wformat_cxx    CMakeFiles/cmTC_86b63.dir/src.cxx.o  -o cmTC_86b63 -rdynamic 
make[2]: Leaving directory '/home/ubuntu/fork/monero-0.13.0.2/build/Linux/master/release/CMakeFiles/CMakeTmp'
make[1]: Leaving directory '/home/ubuntu/fork/monero-0.13.0.2/build/Linux/master/release/CMakeFiles/CMakeTmp'

Source file was:
int main() { return 0; }
Performing C SOURCE FILE Test _Wformat_security_c succeeded with the following output:
Change Dir: /home/ubuntu/fork/monero-0.13.0.2/build/Linux/master/release/CMakeFiles/CMakeTmp

Run Build Command:"/usr/bin/make" "cmTC_0ea22/fast"
make[1]: Entering directory '/home/ubuntu/fork/monero-0.13.0.2/build/Linux/master/release/CMakeFiles/CMakeTmp'
/usr/bin/make -f CMakeFiles/cmTC_0ea22.dir/build.make CMakeFiles/cmTC_0ea22.dir/build
make[2]: Entering directory '/home/ubuntu/fork/monero-0.13.0.2/build/Linux/master/release/CMakeFiles/CMakeTmp'
Building C object CMakeFiles/cmTC_0ea22.dir/src.c.o
/usr/bin/cc    -maes -march=native -fno-strict-aliasing -D_Wformat_security_c   -Wformat-security -o CMakeFiles/cmTC_0ea22.dir/src.c.o   -c /home/ubuntu/fork/monero-0.13.0.2/build/Linux/master/release/CMakeFiles/CMakeTmp/src.c
Linking C executable cmTC_0ea22
/usr/bin/cmake -E cmake_link_script CMakeFiles/cmTC_0ea22.dir/link.txt --verbose=1
/usr/bin/cc   -maes -march=native -fno-strict-aliasing -D_Wformat_security_c    CMakeFiles/cmTC_0ea22.dir/src.c.o  -o cmTC_0ea22 -rdynamic 
make[2]: Leaving directory '/home/ubuntu/fork/monero-0.13.0.2/build/Linux/master/release/CMakeFiles/CMakeTmp'
make[1]: Leaving directory '/home/ubuntu/fork/monero-0.13.0.2/build/Linux/master/release/CMakeFiles/CMakeTmp'

Source file was:
int main(void) { return 0; }
Performing C++ SOURCE FILE Test _Wformat_security_cxx succeeded with the following output:
Change Dir: /home/ubuntu/fork/monero-0.13.0.2/build/Linux/master/release/CMakeFiles/CMakeTmp

Run Build Command:"/usr/bin/make" "cmTC_9f9d7/fast"
make[1]: Entering directory '/home/ubuntu/fork/monero-0.13.0.2/build/Linux/master/release/CMakeFiles/CMakeTmp'
/usr/bin/make -f CMakeFiles/cmTC_9f9d7.dir/build.make CMakeFiles/cmTC_9f9d7.dir/build
make[2]: Entering directory '/home/ubuntu/fork/monero-0.13.0.2/build/Linux/master/release/CMakeFiles/CMakeTmp'
Building CXX object CMakeFiles/cmTC_9f9d7.dir/src.cxx.o
/usr/bin/c++     -maes -march=native -fno-strict-aliasing -D_Wformat_security_cxx   -Wformat-security -o CMakeFiles/cmTC_9f9d7.dir/src.cxx.o -c /home/ubuntu/fork/monero-0.13.0.2/build/Linux/master/release/CMakeFiles/CMakeTmp/src.cxx
Linking CXX executable cmTC_9f9d7
/usr/bin/cmake -E cmake_link_script CMakeFiles/cmTC_9f9d7.dir/link.txt --verbose=1
/usr/bin/c++    -maes -march=native -fno-strict-aliasing -D_Wformat_security_cxx    CMakeFiles/cmTC_9f9d7.dir/src.cxx.o  -o cmTC_9f9d7 -rdynamic 
make[2]: Leaving directory '/home/ubuntu/fork/monero-0.13.0.2/build/Linux/master/release/CMakeFiles/CMakeTmp'
make[1]: Leaving directory '/home/ubuntu/fork/monero-0.13.0.2/build/Linux/master/release/CMakeFiles/CMakeTmp'

Source file was:
int main() { return 0; }
Performing C SOURCE FILE Test _fstack_protector_c succeeded with the following output:
Change Dir: /home/ubuntu/fork/monero-0.13.0.2/build/Linux/master/release/CMakeFiles/CMakeTmp

Run Build Command:"/usr/bin/make" "cmTC_1da8d/fast"
make[1]: Entering directory '/home/ubuntu/fork/monero-0.13.0.2/build/Linux/master/release/CMakeFiles/CMakeTmp'
/usr/bin/make -f CMakeFiles/cmTC_1da8d.dir/build.make CMakeFiles/cmTC_1da8d.dir/build
make[2]: Entering directory '/home/ubuntu/fork/monero-0.13.0.2/build/Linux/master/release/CMakeFiles/CMakeTmp'
Building C object CMakeFiles/cmTC_1da8d.dir/src.c.o
/usr/bin/cc    -maes -march=native -fno-strict-aliasing -D_fstack_protector_c   -fstack-protector -o CMakeFiles/cmTC_1da8d.dir/src.c.o   -c /home/ubuntu/fork/monero-0.13.0.2/build/Linux/master/release/CMakeFiles/CMakeTmp/src.c
Linking C executable cmTC_1da8d
/usr/bin/cmake -E cmake_link_script CMakeFiles/cmTC_1da8d.dir/link.txt --verbose=1
/usr/bin/cc   -maes -march=native -fno-strict-aliasing -D_fstack_protector_c    CMakeFiles/cmTC_1da8d.dir/src.c.o  -o cmTC_1da8d -rdynamic 
make[2]: Leaving directory '/home/ubuntu/fork/monero-0.13.0.2/build/Linux/master/release/CMakeFiles/CMakeTmp'
make[1]: Leaving directory '/home/ubuntu/fork/monero-0.13.0.2/build/Linux/master/release/CMakeFiles/CMakeTmp'

Source file was:
int main(void) { return 0; }
Performing C++ SOURCE FILE Test _fstack_protector_cxx succeeded with the following output:
Change Dir: /home/ubuntu/fork/monero-0.13.0.2/build/Linux/master/release/CMakeFiles/CMakeTmp

Run Build Command:"/usr/bin/make" "cmTC_c0e9c/fast"
make[1]: Entering directory '/home/ubuntu/fork/monero-0.13.0.2/build/Linux/master/release/CMakeFiles/CMakeTmp'
/usr/bin/make -f CMakeFiles/cmTC_c0e9c.dir/build.make CMakeFiles/cmTC_c0e9c.dir/build
make[2]: Entering directory '/home/ubuntu/fork/monero-0.13.0.2/build/Linux/master/release/CMakeFiles/CMakeTmp'
Building CXX object CMakeFiles/cmTC_c0e9c.dir/src.cxx.o
/usr/bin/c++     -maes -march=native -fno-strict-aliasing -D_fstack_protector_cxx   -fstack-protector -o CMakeFiles/cmTC_c0e9c.dir/src.cxx.o -c /home/ubuntu/fork/monero-0.13.0.2/build/Linux/master/release/CMakeFiles/CMakeTmp/src.cxx
Linking CXX executable cmTC_c0e9c
/usr/bin/cmake -E cmake_link_script CMakeFiles/cmTC_c0e9c.dir/link.txt --verbose=1
/usr/bin/c++    -maes -march=native -fno-strict-aliasing -D_fstack_protector_cxx    CMakeFiles/cmTC_c0e9c.dir/src.cxx.o  -o cmTC_c0e9c -rdynamic 
make[2]: Leaving directory '/home/ubuntu/fork/monero-0.13.0.2/build/Linux/master/release/CMakeFiles/CMakeTmp'
make[1]: Leaving directory '/home/ubuntu/fork/monero-0.13.0.2/build/Linux/master/release/CMakeFiles/CMakeTmp'

Source file was:
int main() { return 0; }
Performing C SOURCE FILE Test _fstack_protector_strong_c succeeded with the following output:
Change Dir: /home/ubuntu/fork/monero-0.13.0.2/build/Linux/master/release/CMakeFiles/CMakeTmp

Run Build Command:"/usr/bin/make" "cmTC_15770/fast"
make[1]: Entering directory '/home/ubuntu/fork/monero-0.13.0.2/build/Linux/master/release/CMakeFiles/CMakeTmp'
/usr/bin/make -f CMakeFiles/cmTC_15770.dir/build.make CMakeFiles/cmTC_15770.dir/build
make[2]: Entering directory '/home/ubuntu/fork/monero-0.13.0.2/build/Linux/master/release/CMakeFiles/CMakeTmp'
Building C object CMakeFiles/cmTC_15770.dir/src.c.o
/usr/bin/cc    -maes -march=native -fno-strict-aliasing -D_fstack_protector_strong_c   -fstack-protector-strong -o CMakeFiles/cmTC_15770.dir/src.c.o   -c /home/ubuntu/fork/monero-0.13.0.2/build/Linux/master/release/CMakeFiles/CMakeTmp/src.c
Linking C executable cmTC_15770
/usr/bin/cmake -E cmake_link_script CMakeFiles/cmTC_15770.dir/link.txt --verbose=1
/usr/bin/cc   -maes -march=native -fno-strict-aliasing -D_fstack_protector_strong_c    CMakeFiles/cmTC_15770.dir/src.c.o  -o cmTC_15770 -rdynamic 
make[2]: Leaving directory '/home/ubuntu/fork/monero-0.13.0.2/build/Linux/master/release/CMakeFiles/CMakeTmp'
make[1]: Leaving directory '/home/ubuntu/fork/monero-0.13.0.2/build/Linux/master/release/CMakeFiles/CMakeTmp'

Source file was:
int main(void) { return 0; }
Performing C++ SOURCE FILE Test _fstack_protector_strong_cxx succeeded with the following output:
Change Dir: /home/ubuntu/fork/monero-0.13.0.2/build/Linux/master/release/CMakeFiles/CMakeTmp

Run Build Command:"/usr/bin/make" "cmTC_2c012/fast"
make[1]: Entering directory '/home/ubuntu/fork/monero-0.13.0.2/build/Linux/master/release/CMakeFiles/CMakeTmp'
/usr/bin/make -f CMakeFiles/cmTC_2c012.dir/build.make CMakeFiles/cmTC_2c012.dir/build
make[2]: Entering directory '/home/ubuntu/fork/monero-0.13.0.2/build/Linux/master/release/CMakeFiles/CMakeTmp'
Building CXX object CMakeFiles/cmTC_2c012.dir/src.cxx.o
/usr/bin/c++     -maes -march=native -fno-strict-aliasing -D_fstack_protector_strong_cxx   -fstack-protector-strong -o CMakeFiles/cmTC_2c012.dir/src.cxx.o -c /home/ubuntu/fork/monero-0.13.0.2/build/Linux/master/release/CMakeFiles/CMakeTmp/src.cxx
Linking CXX executable cmTC_2c012
/usr/bin/cmake -E cmake_link_script CMakeFiles/cmTC_2c012.dir/link.txt --verbose=1
/usr/bin/c++    -maes -march=native -fno-strict-aliasing -D_fstack_protector_strong_cxx    CMakeFiles/cmTC_2c012.dir/src.cxx.o  -o cmTC_2c012 -rdynamic 
make[2]: Leaving directory '/home/ubuntu/fork/monero-0.13.0.2/build/Linux/master/release/CMakeFiles/CMakeTmp'
make[1]: Leaving directory '/home/ubuntu/fork/monero-0.13.0.2/build/Linux/master/release/CMakeFiles/CMakeTmp'

Source file was:
int main() { return 0; }
Determining if the -pie linker flag is supported passed with the following output:
Change Dir: /home/ubuntu/fork/monero-0.13.0.2/build/Linux/master/release/CMakeFiles/CMakeTmp

Run Build Command:"/usr/bin/make" "cmTC_79e20/fast"
make[1]: Entering directory '/home/ubuntu/fork/monero-0.13.0.2/build/Linux/master/release/CMakeFiles/CMakeTmp'
/usr/bin/make -f CMakeFiles/cmTC_79e20.dir/build.make CMakeFiles/cmTC_79e20.dir/build
make[2]: Entering directory '/home/ubuntu/fork/monero-0.13.0.2/build/Linux/master/release/CMakeFiles/CMakeTmp'
Building C object CMakeFiles/cmTC_79e20.dir/CheckLinkerFlag.c.o
/usr/bin/cc    -pie    -pie -o CMakeFiles/cmTC_79e20.dir/CheckLinkerFlag.c.o   -c /home/ubuntu/fork/monero-0.13.0.2/cmake/CheckLinkerFlag.c
Linking C executable cmTC_79e20
/usr/bin/cmake -E cmake_link_script CMakeFiles/cmTC_79e20.dir/link.txt --verbose=1
/usr/bin/cc  -pie     CMakeFiles/cmTC_79e20.dir/CheckLinkerFlag.c.o  -o cmTC_79e20 -rdynamic 
make[2]: Leaving directory '/home/ubuntu/fork/monero-0.13.0.2/build/Linux/master/release/CMakeFiles/CMakeTmp'
make[1]: Leaving directory '/home/ubuntu/fork/monero-0.13.0.2/build/Linux/master/release/CMakeFiles/CMakeTmp'


Determining if the -Wl,-z,relro linker flag is supported passed with the following output:
Change Dir: /home/ubuntu/fork/monero-0.13.0.2/build/Linux/master/release/CMakeFiles/CMakeTmp

Run Build Command:"/usr/bin/make" "cmTC_49abc/fast"
make[1]: Entering directory '/home/ubuntu/fork/monero-0.13.0.2/build/Linux/master/release/CMakeFiles/CMakeTmp'
/usr/bin/make -f CMakeFiles/cmTC_49abc.dir/build.make CMakeFiles/cmTC_49abc.dir/build
make[2]: Entering directory '/home/ubuntu/fork/monero-0.13.0.2/build/Linux/master/release/CMakeFiles/CMakeTmp'
Building C object CMakeFiles/cmTC_49abc.dir/CheckLinkerFlag.c.o
/usr/bin/cc    -Wl,-z,relro    -Wl,-z,relro -o CMakeFiles/cmTC_49abc.dir/CheckLinkerFlag.c.o   -c /home/ubuntu/fork/monero-0.13.0.2/cmake/CheckLinkerFlag.c
Linking C executable cmTC_49abc
/usr/bin/cmake -E cmake_link_script CMakeFiles/cmTC_49abc.dir/link.txt --verbose=1
/usr/bin/cc  -Wl,-z,relro     CMakeFiles/cmTC_49abc.dir/CheckLinkerFlag.c.o  -o cmTC_49abc -rdynamic 
make[2]: Leaving directory '/home/ubuntu/fork/monero-0.13.0.2/build/Linux/master/release/CMakeFiles/CMakeTmp'
make[1]: Leaving directory '/home/ubuntu/fork/monero-0.13.0.2/build/Linux/master/release/CMakeFiles/CMakeTmp'


Determining if the -Wl,-z,now linker flag is supported passed with the following output:
Change Dir: /home/ubuntu/fork/monero-0.13.0.2/build/Linux/master/release/CMakeFiles/CMakeTmp

Run Build Command:"/usr/bin/make" "cmTC_13374/fast"
make[1]: Entering directory '/home/ubuntu/fork/monero-0.13.0.2/build/Linux/master/release/CMakeFiles/CMakeTmp'
/usr/bin/make -f CMakeFiles/cmTC_13374.dir/build.make CMakeFiles/cmTC_13374.dir/build
make[2]: Entering directory '/home/ubuntu/fork/monero-0.13.0.2/build/Linux/master/release/CMakeFiles/CMakeTmp'
Building C object CMakeFiles/cmTC_13374.dir/CheckLinkerFlag.c.o
/usr/bin/cc    -Wl,-z,now    -Wl,-z,now -o CMakeFiles/cmTC_13374.dir/CheckLinkerFlag.c.o   -c /home/ubuntu/fork/monero-0.13.0.2/cmake/CheckLinkerFlag.c
Linking C executable cmTC_13374
/usr/bin/cmake -E cmake_link_script CMakeFiles/cmTC_13374.dir/link.txt --verbose=1
/usr/bin/cc  -Wl,-z,now     CMakeFiles/cmTC_13374.dir/CheckLinkerFlag.c.o  -o cmTC_13374 -rdynamic 
make[2]: Leaving directory '/home/ubuntu/fork/monero-0.13.0.2/build/Linux/master/release/CMakeFiles/CMakeTmp'
make[1]: Leaving directory '/home/ubuntu/fork/monero-0.13.0.2/build/Linux/master/release/CMakeFiles/CMakeTmp'


Determining if the -Wl,-z,noexecstack linker flag is supported passed with the following output:
Change Dir: /home/ubuntu/fork/monero-0.13.0.2/build/Linux/master/release/CMakeFiles/CMakeTmp

Run Build Command:"/usr/bin/make" "cmTC_0598f/fast"
make[1]: Entering directory '/home/ubuntu/fork/monero-0.13.0.2/build/Linux/master/release/CMakeFiles/CMakeTmp'
/usr/bin/make -f CMakeFiles/cmTC_0598f.dir/build.make CMakeFiles/cmTC_0598f.dir/build
make[2]: Entering directory '/home/ubuntu/fork/monero-0.13.0.2/build/Linux/master/release/CMakeFiles/CMakeTmp'
Building C object CMakeFiles/cmTC_0598f.dir/CheckLinkerFlag.c.o
/usr/bin/cc    -Wl,-z,noexecstack    -Wl,-z,noexecstack -o CMakeFiles/cmTC_0598f.dir/CheckLinkerFlag.c.o   -c /home/ubuntu/fork/monero-0.13.0.2/cmake/CheckLinkerFlag.c
Linking C executable cmTC_0598f
/usr/bin/cmake -E cmake_link_script CMakeFiles/cmTC_0598f.dir/link.txt --verbose=1
/usr/bin/cc  -Wl,-z,noexecstack     CMakeFiles/cmTC_0598f.dir/CheckLinkerFlag.c.o  -o cmTC_0598f -rdynamic 
make[2]: Leaving directory '/home/ubuntu/fork/monero-0.13.0.2/build/Linux/master/release/CMakeFiles/CMakeTmp'
make[1]: Leaving directory '/home/ubuntu/fork/monero-0.13.0.2/build/Linux/master/release/CMakeFiles/CMakeTmp'


Performing C SOURCE FILE Test HAVE_C11 succeeded with the following output:
Change Dir: /home/ubuntu/fork/monero-0.13.0.2/build/Linux/master/release/CMakeFiles/CMakeTmp

Run Build Command:"/usr/bin/make" "cmTC_a2c82/fast"
make[1]: Entering directory '/home/ubuntu/fork/monero-0.13.0.2/build/Linux/master/release/CMakeFiles/CMakeTmp'
/usr/bin/make -f CMakeFiles/cmTC_a2c82.dir/build.make CMakeFiles/cmTC_a2c82.dir/build
make[2]: Entering directory '/home/ubuntu/fork/monero-0.13.0.2/build/Linux/master/release/CMakeFiles/CMakeTmp'
Building C object CMakeFiles/cmTC_a2c82.dir/src.c.o
/usr/bin/cc    -maes -march=native -fno-strict-aliasing -std=c11 -D_GNU_SOURCE   -Wall -Wextra -Wpointer-arith -Wundef -Wvla -Wwrite-strings -Wno-error=extra -Wno-error=deprecated-declarations -Wno-unused-parameter -Wno-unused-variable -Wno-error=unused-variable -Wno-error=undef -Wno-error=uninitialized -Wlogical-op -Wno-error=maybe-uninitialized -Wno-error=cpp -Waggregate-return -Wnested-externs -Wold-style-definition -Wstrict-prototypes  -fPIC  -U_FORTIFY_SOURCE -D_FORTIFY_SOURCE=1 -Wformat -Wformat-security -fstack-protector -fstack-protector-strong -fno-strict-aliasing -DHAVE_C11   -std=c11 -o CMakeFiles/cmTC_a2c82.dir/src.c.o   -c /home/ubuntu/fork/monero-0.13.0.2/build/Linux/master/release/CMakeFiles/CMakeTmp/src.c
Linking C executable cmTC_a2c82
/usr/bin/cmake -E cmake_link_script CMakeFiles/cmTC_a2c82.dir/link.txt --verbose=1
/usr/bin/cc   -maes -march=native -fno-strict-aliasing -std=c11 -D_GNU_SOURCE   -Wall -Wextra -Wpointer-arith -Wundef -Wvla -Wwrite-strings -Wno-error=extra -Wno-error=deprecated-declarations -Wno-unused-parameter -Wno-unused-variable -Wno-error=unused-variable -Wno-error=undef -Wno-error=uninitialized -Wlogical-op -Wno-error=maybe-uninitialized -Wno-error=cpp -Waggregate-return -Wnested-externs -Wold-style-definition -Wstrict-prototypes  -fPIC  -U_FORTIFY_SOURCE -D_FORTIFY_SOURCE=1 -Wformat -Wformat-security -fstack-protector -fstack-protector-strong -fno-strict-aliasing -DHAVE_C11    CMakeFiles/cmTC_a2c82.dir/src.c.o  -o cmTC_a2c82 -rdynamic 
make[2]: Leaving directory '/home/ubuntu/fork/monero-0.13.0.2/build/Linux/master/release/CMakeFiles/CMakeTmp'
make[1]: Leaving directory '/home/ubuntu/fork/monero-0.13.0.2/build/Linux/master/release/CMakeFiles/CMakeTmp'

Source file was:
int main(void) { return 0; }
